{"D:\\personal-projects\\apra-test-app\\src\\services\\image.service.ts": {"path":"D:\\personal-projects\\apra-test-app\\src\\services\\image.service.ts","statementMap":{"0":{"start":{"line":3,"column":17},"end":{"line":3,"column":61}},"1":{"start":{"line":5,"column":17},"end":{"line":9,"column":1}},"2":{"start":{"line":7,"column":4},"end":{"line":7,"column":36}}},"fnMap":{"0":{"name":"(anonymous_0)","decl":{"start":{"line":6,"column":11},"end":{"line":6,"column":12}},"loc":{"start":{"line":6,"column":23},"end":{"line":8,"column":3}},"line":6}},"branchMap":{},"s":{"0":1,"1":1,"2":1},"f":{"0":1},"b":{},"_coverageSchema":"1a1c01bbd47fc00a2c39e90264f33305004495a9","hash":"e39f4618d49187cee35d66392af8efb7140af387"}
}
